<?xml version="1.0" encoding="UTF-8"?>
<testng-results ignored="0" total="1" passed="1" failed="0" skipped="0">
  <reporter-output>
  </reporter-output>
  <suite started-at="2020-12-11T14:52:28 EST" name="Default suite" finished-at="2020-12-11T14:52:54 EST" duration-ms="26455">
    <groups>
    </groups>
    <test started-at="2020-12-11T14:52:28 EST" name="Default test" finished-at="2020-12-11T14:52:54 EST" duration-ms="26455">
      <class name="runner.TestRunner">
        <test-method is-config="true" signature="setUpClass()[pri:0, instance:runner.TestRunner@776aec5c]" started-at="2020-12-11T14:52:28 EST" name="setUpClass" finished-at="2020-12-11T14:52:28 EST" duration-ms="422" status="PASS">
          <reporter-output>
          </reporter-output>
        </test-method> <!-- setUpClass -->
        <test-method signature="feature(cucumber.api.testng.CucumberFeatureWrapper)[pri:0, instance:runner.TestRunner@776aec5c]" started-at="2020-12-11T14:52:28 EST" name="feature" description="Runs Cucumber Feature" data-provider="features" finished-at="2020-12-11T14:52:54 EST" duration-ms="25536" status="PASS">
          <params>
            <param index="0">
              <value>
                <![CDATA[FinalAssignment]]>
              </value>
            </param>
          </params>
          <reporter-output>
          </reporter-output>
        </test-method> <!-- feature -->
        <test-method is-config="true" signature="tearDownClass()[pri:0, instance:runner.TestRunner@776aec5c]" started-at="2020-12-11T14:52:54 EST" name="tearDownClass" finished-at="2020-12-11T14:52:54 EST" duration-ms="345" status="PASS">
          <reporter-output>
          </reporter-output>
        </test-method> <!-- tearDownClass -->
      </class> <!-- runner.TestRunner -->
    </test> <!-- Default test -->
  </suite> <!-- Default suite -->
</testng-results>
